\BOOKMARK [1][-]{section*.2}{\376\377\0001\000.\000\040\004\022\004\065\004\072\004\102\004\076\004\100\004\075\004\113\004\065\000\040\004\077\004\100\004\076\004\101\004\102\004\100\004\060\004\075\004\101\004\102\004\062\004\060}{}% 1
\BOOKMARK [1][-]{section*.3}{\376\377\0002\000.\000\040\004\034\004\060\004\102\004\100\004\070\004\106\004\113}{}% 2
\BOOKMARK [2][-]{subsection.2.1}{\376\377\004\041\004\102\004\100\004\103\004\072\004\102\004\103\004\100\004\060\000\040\004\073\004\070\004\075\004\065\004\071\004\075\004\113\004\105\000\040\004\076\004\102\004\076\004\061\004\100\004\060\004\066\004\065\004\075\004\070\004\071}{section*.3}% 3
\BOOKMARK [2][-]{subsection.2.2}{\376\377\004\034\004\060\004\102\004\100\004\070\004\106\004\060\000\040\004\073\004\070\004\075\004\065\004\071\004\075\004\076\004\063\004\076\000\040\004\076\004\102\004\076\004\061\004\100\004\060\004\066\004\065\004\075\004\070\004\117}{section*.3}% 4
\BOOKMARK [2][-]{subsection.2.3}{\376\377\004\034\004\060\004\102\004\100\004\070\004\106\004\060\000\040\004\077\004\065\004\100\004\065\004\105\004\076\004\064\004\060\000\040\004\070\000\040\004\104\004\076\004\100\004\074\004\103\004\073\004\113\000\040\004\077\004\065\004\100\004\065\004\101\004\107\004\065\004\102\004\060}{section*.3}% 5
\BOOKMARK [1][-]{section*.4}{\376\377\0003\000.\000\040\004\057\004\062\004\075\004\113\004\065\000\040\004\104\004\076\004\100\004\074\004\103\004\073\004\113\000\040\004\062\000\040\004\073\004\070\004\075\004\065\004\071\004\075\004\076\004\071\000\040\004\060\004\073\004\063\004\065\004\061\004\100\004\065\000\040\000\050\004\042\004\065\004\076\004\100\004\070\004\117\000\040\004\076\004\077\004\100\004\065\004\064\004\065\004\073\004\070\004\102\004\065\004\073\004\065\004\071\000\051}{}% 6
\BOOKMARK [1][-]{section*.5}{\376\377\0004\000.\000\040\004\033\004\076\004\072\004\060\004\073\004\070\004\067\004\060\004\106\004\070\004\117\000\040\004\070\000\040\004\077\004\076\004\073\004\065\000\040\004\064\004\100\004\076\004\061\004\075\004\076\000-\004\100\004\060\004\106\004\070\004\076\004\075\004\060\004\073\004\114\004\075\004\113\004\105\000\040\004\104\004\103\004\075\004\072\004\106\004\070\004\071}{}% 7
\BOOKMARK [1][-]{section*.6}{\376\377\0005\000.\000\040\004\042\004\065\004\076\004\100\004\070\004\117\000\040\004\063\004\100\004\103\004\077\004\077}{}% 8
\BOOKMARK [2][-]{subsection.5.1}{\376\377\004\041\004\074\004\065\004\066\004\075\004\113\004\065\000\040\004\072\004\073\004\060\004\101\004\101\004\113\000\040\004\070\000\040\004\102\004\065\004\076\004\100\004\065\004\074\004\060\000\040\004\033\004\060\004\063\004\100\004\060\004\075\004\066\004\060}{section*.6}% 9
\BOOKMARK [2][-]{subsection.5.2}{\376\377\004\023\004\100\004\103\004\077\004\077\004\060\000\040\004\077\004\065\004\100\004\065\004\101\004\102\004\060\004\075\004\076\004\062\004\076\004\072}{section*.6}% 10
\BOOKMARK [2][-]{subsection.5.3}{\376\377\004\044\004\060\004\072\004\102\004\076\004\100\004\063\004\100\004\103\004\077\004\077\004\060}{section*.6}% 11
\BOOKMARK [2][-]{subsection.5.4}{\376\377\004\042\004\065\004\076\004\100\004\065\004\074\004\060\000\040\004\076\000\040\004\063\004\076\004\074\004\076\004\074\004\076\004\100\004\104\004\070\004\067\004\074\004\065}{section*.6}% 12
\BOOKMARK [2][-]{subsection.5.5}{\376\377\004\024\004\065\004\071\004\101\004\102\004\062\004\070\004\065\000\040\004\063\004\100\004\103\004\077\004\077}{section*.6}% 13
\BOOKMARK [2][-]{subsection.5.6}{\376\377\004\036\004\100\004\061\004\070\004\102\004\113\000\040\004\070\000\040\004\101\004\102\004\060\004\061\004\070\004\073\004\070\004\067\004\060\004\102\004\076\004\100\004\113}{section*.6}% 14
\BOOKMARK [2][-]{subsection.5.7}{\376\377\004\033\004\065\004\074\004\074\004\060\000\040\004\021\004\065\004\100\004\075\004\101\004\060\004\071\004\064\004\060}{section*.6}% 15
\BOOKMARK [2][-]{subsection.5.8}{\376\377\004\037\004\100\004\070\004\074\004\065\004\075\004\065\004\075\004\070\004\117\000\040\004\102\004\065\004\076\004\100\004\070\004\070\000\040\004\072\004\076\004\075\004\065\004\107\004\075\004\113\004\105\000\040\004\063\004\100\004\103\004\077\004\077\000\040\004\064\004\065\004\071\004\101\004\102\004\062\004\070\004\071}{section*.6}% 16
\BOOKMARK [2][-]{subsection.5.9}{\376\377\004\046\004\065\004\075\004\102\004\100\000\040\004\070\000\040\004\072\004\076\004\074\004\074\004\103\004\102\004\060\004\075\004\102}{section*.6}% 17
\BOOKMARK [1][-]{section*.7}{\376\377\0006\000.\000\040\004\037\004\100\004\076\004\101\004\102\004\100\004\060\004\075\004\101\004\102\004\062\004\060\000\040\004\101\000\040\004\076\004\077\004\065\004\100\004\060\004\102\004\076\004\100\004\060\004\074\004\070}{}% 18
\BOOKMARK [2][-]{subsection.6.1}{\376\377\004\026\004\076\004\100\004\064\004\060\004\075\004\076\004\062\000\040\004\061\004\060\004\067\004\070\004\101\000\040\004\075\004\070\004\073\004\114\004\077\004\076\004\102\004\065\004\075\004\076\004\102\004\075\004\076\004\063\004\076\000\040\004\076\004\077\004\065\004\100\004\060\004\102\004\076\004\100\004\060}{section*.7}% 19
\BOOKMARK [2][-]{subsection.6.2}{\376\377\004\032\004\076\004\063\004\064\004\060\000\040\004\074\004\113\000\040\004\075\004\065\000\040\004\062\000\040\000C}{section*.7}% 20
\BOOKMARK [2][-]{subsection.6.3}{\376\377\004\046\004\070\004\072\004\073\004\070\004\107\004\065\004\101\004\072\004\070\004\065\000\040\004\077\004\100\004\076\004\101\004\102\004\100\004\060\004\075\004\101\004\102\004\062\004\060\000\040\004\070\000\040\004\104\004\100\004\076\004\061\004\065\004\075\004\070\004\103\004\101\004\076\004\062\004\060\000\040\004\104\004\076\004\100\004\074\004\060}{section*.7}% 21
\BOOKMARK [1][-]{section*.8}{\376\377\0007\000.\000\040\004\025\004\062\004\072\004\073\004\070\004\064\004\076\004\062\004\113\000\040\004\070\000\040\004\103\004\075\004\060\004\100\004\075\004\113\004\065\000\040\004\077\004\100\004\076\004\101\004\102\004\100\004\060\004\075\004\101\004\102\004\062\004\060}{}% 22
\BOOKMARK [2][-]{subsection.7.1}{\376\377\004\036\004\100\004\102\004\076\004\063\004\076\004\075\004\060\004\073\004\114\004\075\004\076\004\065\000\040\004\064\004\076\004\077\004\076\004\073\004\075\004\065\004\075\004\070\004\065}{section*.8}% 23
\BOOKMARK [2][-]{subsection.7.2}{\376\377\004\041\004\076\004\076\004\102\004\062\004\065\004\102\004\101\004\102\004\062\004\070\004\065\004\074\004\065\004\066\004\064\004\103\000\040\004\104\004\076\004\100\004\074\004\060\004\074\004\070\000/\004\074\004\060\004\102\004\100\004\070\004\106\004\060\004\074\004\070}{section*.8}% 24
\BOOKMARK [1][-]{section*.9}{\376\377\0008\000.\000\040\004\036\004\077\004\065\004\100\004\060\004\102\004\076\004\100\004\113\000\040\004\062\000\040\004\065\004\062\004\072\004\073\004\070\004\064\004\076\004\062\004\113\004\105\000\040\004\070\000\040\004\103\004\075\004\070\004\102\004\060\004\100\004\075\004\113\004\105\000\040\004\077\004\100\004\076\004\101\004\102\004\100\004\060\004\075\004\101\004\102\004\062\004\060\004\105}{}% 25
\BOOKMARK [2][-]{subsection.8.1}{\376\377\004\041\004\060\004\074\004\076\004\101\004\076\004\077\004\100\004\117\004\066\004\065\004\075\004\075\004\113\004\065\000\040\004\076\004\077\004\065\004\100\004\060\004\102\004\076\004\100\004\113}{section*.9}% 26
\BOOKMARK [2][-]{subsection.8.2}{\376\377\004\036\004\106\004\065\004\075\004\072\004\060\000\040\004\072\004\062\004\060\004\064\004\100\004\060\004\102\004\070\004\107\004\075\004\076\004\071\000\040\004\104\004\076\004\100\004\074\004\113}{section*.9}% 27
\BOOKMARK [2][-]{subsection.8.3}{\376\377\004\036\004\100\004\102\004\076\004\063\004\076\004\075\004\060\004\073\004\114\004\075\004\113\004\065\000\040\004\070\000\040\004\103\004\075\004\070\004\102\004\060\004\100\004\075\004\113\004\065\000\040\004\076\004\077\004\065\004\100\004\060\004\102\004\076\004\100\004\113}{section*.9}% 28
\BOOKMARK [2][-]{subsection.8.4}{\376\377\004\037\004\076\004\073\004\076\004\066\004\070\004\102\004\065\004\073\004\114\004\075\004\113\004\065\000\040\004\076\004\077\004\065\004\100\004\060\004\102\004\076\004\100\004\113}{section*.9}% 29
\BOOKMARK [2][-]{subsection.8.5}{\376\377\004\037\004\076\004\073\004\117\004\100\004\075\004\076\004\065\000\040\004\100\004\060\004\067\004\073\004\076\004\066\004\065\004\075\004\070\004\065}{section*.9}% 30
\BOOKMARK [2][-]{subsection.8.6}{\376\377\000S\000V\000D\000\040\004\100\004\060\004\067\004\073\004\076\004\066\004\065\004\075\004\070\004\065}{section*.9}% 31
\BOOKMARK [1][-]{section*.10}{\376\377\0009\000.\000\040\004\020\004\104\004\104\004\070\004\075\004\075\004\060\004\117\000\040\004\070\000\040\004\077\004\100\004\076\004\065\004\072\004\102\004\070\004\062\004\075\004\060\004\117\000\040\004\063\004\065\004\076\004\074\004\065\004\102\004\100\004\070\004\117}{}% 32
\BOOKMARK [2][-]{subsection.9.1}{\376\377\004\020\004\104\004\104\004\070\004\075\004\075\004\076\004\065\000\040\004\077\004\100\004\076\004\101\004\102\004\100\004\060\004\075\004\101\004\102\004\062\004\076}{section*.10}% 33
